\BOOKMARK [0][-]{chapter*.1}{\376\377\000A\000b\000s\000t\000r\000a\000c\000t}{}% 1
\BOOKMARK [0][-]{chapter*.2}{\376\377\000P\000u\000b\000l\000i\000c\000a\000t\000i\000o\000n\000s}{}% 2
\BOOKMARK [0][-]{chapter*.4}{\376\377\000A\000c\000k\000n\000o\000w\000l\000e\000d\000g\000e\000m\000e\000n\000t\000s}{}% 3
\BOOKMARK [0][-]{chapter.1}{\376\377\000I\000n\000t\000r\000o\000d\000u\000c\000t\000i\000o\000n}{}% 4
\BOOKMARK [1][-]{section.1.1}{\376\377\000A\000\040\000t\000i\000t\000l\000e}{chapter.1}% 5
\BOOKMARK [0][-]{chapter.2}{\376\377\000H\000e\000r\000s\000c\000h\000e\000l\000-\000A\000T\000L\000A\000S\000\040\000D\000a\000t\000a\000\040\000R\000e\000l\000e\000a\000s\000e\000\040\000I\000I\000I}{}% 6
\BOOKMARK [1][-]{section.2.1}{\376\377\000T\000h\000e\000\040\000H\000e\000r\000s\000c\000h\000e\000l\000-\000A\000T\000L\000A\000S}{chapter.2}% 7
\BOOKMARK [2][-]{subsection.2.1.1}{\376\377\000D\000e\000t\000e\000c\000t\000i\000n\000g\000\040\000S\000u\000b\000m\000i\000l\000l\000i\000m\000e\000t\000e\000r\000\040\000S\000o\000u\000r\000c\000e\000s\000\040\000o\000n\000\040\000H\000e\000r\000s\000c\000h\000e\000l\000\040\000I\000m\000a\000g\000e\000s}{section.2.1}% 8
\BOOKMARK [2][-]{subsection.2.1.2}{\376\377\000D\000a\000t\000a\000\040\000R\000e\000l\000e\000a\000s\000e\000s\000\040\000o\000f\000\040\000t\000h\000e\000\040\000H\000-\000A\000T\000L\000A\000S}{section.2.1}% 9
\BOOKMARK [2][-]{subsection.2.1.3}{\376\377\000I\000d\000e\000n\000t\000i\000f\000y\000i\000n\000g\000\040\000O\000p\000t\000i\000c\000a\000l\000\040\000a\000n\000d\000\040\000N\000e\000a\000r\000-\000I\000R\000\040\000C\000o\000u\000n\000t\000e\000r\000p\000a\000r\000t\000s\000\040\000t\000o\000\040\000H\000e\000r\000s\000c\000h\000e\000l\000\040\000S\000o\000u\000r\000c\000e\000s}{section.2.1}% 10
\BOOKMARK [2][-]{subsection.2.1.4}{\376\377\000T\000h\000e\000\040\000L\000i\000k\000e\000l\000i\000h\000o\000o\000d\000\040\000R\000a\000t\000i\000o\000\040\000M\000e\000t\000h\000o\000d}{section.2.1}% 11
\BOOKMARK [1][-]{section.2.2}{\376\377\000A\000p\000p\000l\000y\000i\000n\000g\000\040\000t\000h\000e\000\040\000L\000R\000\040\000M\000e\000t\000h\000o\000d\000\040\000t\000o\000\040\000V\000I\000K\000I\000N\000G\000\040\000G\000a\000l\000a\000x\000i\000e\000s\000\040\000i\000n\000\040\000t\000h\000e\000\040\000S\000G\000P}{chapter.2}% 12
\BOOKMARK [2][-]{subsection.2.2.1}{\376\377\000V\000I\000S\000T\000A\000\040\000V\000I\000K\000I\000N\000G\000\040\000C\000o\000u\000n\000t\000e\000r\000p\000a\000r\000t\000s}{section.2.2}% 13
\BOOKMARK [2][-]{subsection.2.2.2}{\376\377\000D\000i\000s\000t\000r\000i\000b\000u\000t\000i\000o\000n\000\040\000o\000f\000\040\000T\000r\000u\000e\000\040\000C\000o\000u\000n\000t\000e\000r\000p\000a\000r\000t\000s\000,\000\040\000q\000\050\000m\000\051}{section.2.2}% 14
\BOOKMARK [2][-]{subsection.2.2.3}{\376\377\000E\000s\000t\000i\000m\000a\000t\000i\000n\000g\000\040\000Q}{section.2.2}% 15
\BOOKMARK [2][-]{subsection.2.2.4}{\376\377\000P\000o\000s\000i\000t\000i\000o\000n\000a\000l\000\040\000U\000n\000c\000e\000r\000t\000a\000i\000n\000t\000y\000\040\000o\000f\000\040\000H\000-\000A\000T\000L\000A\000S\000\040\000D\000e\000t\000e\000c\000t\000i\000o\000n\000s}{section.2.2}% 16
\BOOKMARK [1][-]{section.2.3}{\376\377\000L\000i\000k\000e\000l\000i\000h\000o\000o\000d\000\040\000R\000a\000t\000i\000o\000\040\000R\000e\000s\000u\000l\000t\000s}{chapter.2}% 17
\BOOKMARK [1][-]{section.2.4}{\376\377\000P\000r\000o\000p\000e\000r\000t\000i\000e\000s\000\040\000o\000f\000\040\000H\000e\000r\000s\000c\000h\000e\000l\000\040\000S\000o\000u\000r\000c\000e\000s\000\040\000a\000n\000d\000\040\000t\000h\000e\000i\000r\000\040\000C\000o\000u\000n\000t\000e\000r\000p\000a\000r\000t\000s}{chapter.2}% 18
\BOOKMARK [2][-]{subsection.2.4.1}{\376\377\000S\000u\000b\000m\000i\000l\000l\000i\000m\000e\000t\000e\000r\000\040\000C\000o\000l\000o\000u\000r\000s}{section.2.4}% 19
\BOOKMARK [0][-]{chapter.3}{\376\377\000C\000o\000n\000c\000l\000u\000s\000i\000o\000n}{}% 20
\BOOKMARK [0][-]{chapter.4}{\376\377\000\050}{}% 21
\BOOKMARK [1][-]{section.4.1}{\376\377\000E\000q\000u\000a\000t\000i\000o\000n\000\040\0002\000.\0002}{chapter.4}% 22
\BOOKMARK [0][-]{appendix.A}{\376\377\000A\000n\000\040\000A\000p\000p\000e\000n\000d\000i\000x}{}% 23
\BOOKMARK [1][-]{section.A.1}{\376\377\000A\000n\000\040\000A\000p\000p\000e\000n\000d\000i\000x}{appendix.A}% 24
